<?xml version="1.0" encoding="UTF-8"?>
<!-- Generated by org.testng.reporters.JUnitReportReporter -->
<testsuite hostname="SoumarshiKundu" failures="0" tests="2" name="tests.devopsAutomation" time="3.067" errors="0" timestamp="10 Mar 2024 07:54:12 GMT">
  <testcase classname="tests.devopsAutomation" name="test1" time="1.754"/>
  <testcase classname="tests.devopsAutomation" name="test2" time="1.313"/>
</testsuite> <!-- tests.devopsAutomation -->
